{"/Users/user/Desktop/capstone-project-A/src/app.ts": {"path":"/Users/user/Desktop/capstone-project-A/src/app.ts","statementMap":{"0":{"start":{"line":16,"column":0},"end":{"line":16,"column":null}},"1":{"start":{"line":29,"column":12},"end":{"line":29,"column":20}},"2":{"start":{"line":32,"column":0},"end":{"line":32,"column":null}},"3":{"start":{"line":33,"column":0},"end":{"line":33,"column":null}},"4":{"start":{"line":34,"column":0},"end":{"line":34,"column":null}},"5":{"start":{"line":37,"column":0},"end":{"line":44,"column":null}},"6":{"start":{"line":38,"column":2},"end":{"line":42,"column":null}},"7":{"start":{"line":43,"column":2},"end":{"line":43,"column":null}},"8":{"start":{"line":46,"column":0},"end":{"line":48,"column":null}},"9":{"start":{"line":47,"column":2},"end":{"line":47,"column":null}},"10":{"start":{"line":51,"column":0},"end":{"line":57,"column":null}},"11":{"start":{"line":52,"column":2},"end":{"line":56,"column":null}},"12":{"start":{"line":60,"column":0},"end":{"line":60,"column":null}},"13":{"start":{"line":63,"column":0},"end":{"line":65,"column":null}},"14":{"start":{"line":64,"column":2},"end":{"line":64,"column":null}},"15":{"start":{"line":66,"column":0},"end":{"line":66,"column":null}},"16":{"start":{"line":73,"column":0},"end":{"line":73,"column":null}},"17":{"start":{"line":74,"column":0},"end":{"line":74,"column":null}},"18":{"start":{"line":78,"column":0},"end":{"line":78,"column":null}}},"fnMap":{"0":{"name":"(anonymous_0)","decl":{"start":{"line":37,"column":4},"end":{"line":37,"column":9}},"loc":{"start":{"line":37,"column":28},"end":{"line":44,"column":1}},"line":37},"1":{"name":"(anonymous_1)","decl":{"start":{"line":46,"column":8},"end":{"line":46,"column":14}},"loc":{"start":{"line":46,"column":27},"end":{"line":48,"column":1}},"line":46},"2":{"name":"(anonymous_2)","decl":{"start":{"line":51,"column":8},"end":{"line":51,"column":20}},"loc":{"start":{"line":51,"column":33},"end":{"line":57,"column":1}},"line":51},"3":{"name":"(anonymous_3)","decl":{"start":{"line":63,"column":8},"end":{"line":63,"column":27}},"loc":{"start":{"line":63,"column":40},"end":{"line":65,"column":1}},"line":63}},"branchMap":{},"s":{"0":1,"1":1,"2":1,"3":1,"4":1,"5":1,"6":10,"7":10,"8":1,"9":0,"10":1,"11":0,"12":1,"13":1,"14":0,"15":1,"16":1,"17":1,"18":1},"f":{"0":10,"1":0,"2":0,"3":0},"b":{},"meta":{"lastBranch":0,"lastFunction":4,"lastStatement":19,"seen":{"s:16:0:16:Infinity":0,"s:29:12:29:20":1,"s:32:0:32:Infinity":2,"s:33:0:33:Infinity":3,"s:34:0:34:Infinity":4,"s:37:0:44:Infinity":5,"f:37:4:37:9":0,"s:38:2:42:Infinity":6,"s:43:2:43:Infinity":7,"s:46:0:48:Infinity":8,"f:46:8:46:14":1,"s:47:2:47:Infinity":9,"s:51:0:57:Infinity":10,"f:51:8:51:20":2,"s:52:2:56:Infinity":11,"s:60:0:60:Infinity":12,"s:63:0:65:Infinity":13,"f:63:8:63:27":3,"s:64:2:64:Infinity":14,"s:66:0:66:Infinity":15,"s:73:0:73:Infinity":16,"s:74:0:74:Infinity":17,"s:78:0:78:Infinity":18},"fnNames":{}}}
,"/Users/user/Desktop/capstone-project-A/src/config/swagger.ts": {"path":"/Users/user/Desktop/capstone-project-A/src/config/swagger.ts","statementMap":{"0":{"start":{"line":4,"column":38},"end":{"line":27,"column":null}},"1":{"start":{"line":29,"column":27},"end":{"line":29,"column":null}}},"fnMap":{},"branchMap":{},"s":{"0":1,"1":1},"f":{},"b":{},"meta":{"lastBranch":0,"lastFunction":0,"lastStatement":2,"seen":{"s:4:38:27:Infinity":0,"s:29:27:29:Infinity":1},"fnNames":{}}}
,"/Users/user/Desktop/capstone-project-A/src/controllers/document.controller.ts": {"path":"/Users/user/Desktop/capstone-project-A/src/controllers/document.controller.ts","statementMap":{"0":{"start":{"line":15,"column":2},"end":{"line":52,"column":null}},"1":{"start":{"line":16,"column":19},"end":{"line":16,"column":null}},"2":{"start":{"line":17,"column":36},"end":{"line":17,"column":null}},"3":{"start":{"line":23,"column":10},"end":{"line":23,"column":null}},"4":{"start":{"line":25,"column":23},"end":{"line":25,"column":null}},"5":{"start":{"line":26,"column":4},"end":{"line":28,"column":null}},"6":{"start":{"line":27,"column":6},"end":{"line":27,"column":null}},"7":{"start":{"line":30,"column":31},"end":{"line":38,"column":null}},"8":{"start":{"line":40,"column":4},"end":{"line":48,"column":null}},"9":{"start":{"line":50,"column":4},"end":{"line":50,"column":null}},"10":{"start":{"line":51,"column":4},"end":{"line":51,"column":null}},"11":{"start":{"line":60,"column":2},"end":{"line":81,"column":null}},"12":{"start":{"line":61,"column":19},"end":{"line":61,"column":null}},"13":{"start":{"line":62,"column":4},"end":{"line":64,"column":null}},"14":{"start":{"line":63,"column":6},"end":{"line":63,"column":null}},"15":{"start":{"line":65,"column":31},"end":{"line":65,"column":null}},"16":{"start":{"line":67,"column":21},"end":{"line":74,"column":null}},"17":{"start":{"line":76,"column":4},"end":{"line":76,"column":null}},"18":{"start":{"line":77,"column":4},"end":{"line":77,"column":null}},"19":{"start":{"line":79,"column":4},"end":{"line":79,"column":null}},"20":{"start":{"line":80,"column":4},"end":{"line":80,"column":null}},"21":{"start":{"line":89,"column":2},"end":{"line":107,"column":null}},"22":{"start":{"line":90,"column":19},"end":{"line":90,"column":null}},"23":{"start":{"line":91,"column":19},"end":{"line":91,"column":null}},"24":{"start":{"line":93,"column":21},"end":{"line":98,"column":null}},"25":{"start":{"line":99,"column":4},"end":{"line":101,"column":null}},"26":{"start":{"line":100,"column":6},"end":{"line":100,"column":null}},"27":{"start":{"line":103,"column":4},"end":{"line":103,"column":null}},"28":{"start":{"line":105,"column":4},"end":{"line":105,"column":null}},"29":{"start":{"line":106,"column":4},"end":{"line":106,"column":null}},"30":{"start":{"line":115,"column":2},"end":{"line":140,"column":null}},"31":{"start":{"line":116,"column":19},"end":{"line":116,"column":null}},"32":{"start":{"line":117,"column":19},"end":{"line":117,"column":null}},"33":{"start":{"line":119,"column":21},"end":{"line":124,"column":null}},"34":{"start":{"line":126,"column":4},"end":{"line":129,"column":null}},"35":{"start":{"line":127,"column":6},"end":{"line":127,"column":null}},"36":{"start":{"line":128,"column":6},"end":{"line":128,"column":null}},"37":{"start":{"line":131,"column":4},"end":{"line":133,"column":null}},"38":{"start":{"line":135,"column":4},"end":{"line":135,"column":null}},"39":{"start":{"line":136,"column":4},"end":{"line":136,"column":null}},"40":{"start":{"line":138,"column":4},"end":{"line":138,"column":null}},"41":{"start":{"line":139,"column":4},"end":{"line":139,"column":null}}},"fnMap":{"0":{"name":"listDocuments","decl":{"start":{"line":10,"column":22},"end":{"line":10,"column":null}},"loc":{"start":{"line":14,"column":17},"end":{"line":53,"column":null}},"line":14},"1":{"name":"createDocument","decl":{"start":{"line":55,"column":22},"end":{"line":55,"column":null}},"loc":{"start":{"line":59,"column":17},"end":{"line":82,"column":null}},"line":59},"2":{"name":"getDocument","decl":{"start":{"line":84,"column":22},"end":{"line":84,"column":null}},"loc":{"start":{"line":88,"column":17},"end":{"line":108,"column":null}},"line":88},"3":{"name":"deleteDocument","decl":{"start":{"line":110,"column":22},"end":{"line":110,"column":null}},"loc":{"start":{"line":114,"column":17},"end":{"line":141,"column":null}},"line":114}},"branchMap":{"0":{"loc":{"start":{"line":26,"column":4},"end":{"line":28,"column":null}},"type":"if","locations":[{"start":{"line":26,"column":4},"end":{"line":28,"column":null}},{"start":{},"end":{}}],"line":26},"1":{"loc":{"start":{"line":62,"column":4},"end":{"line":64,"column":null}},"type":"if","locations":[{"start":{"line":62,"column":4},"end":{"line":64,"column":null}},{"start":{},"end":{}}],"line":62},"2":{"loc":{"start":{"line":99,"column":4},"end":{"line":101,"column":null}},"type":"if","locations":[{"start":{"line":99,"column":4},"end":{"line":101,"column":null}},{"start":{},"end":{}}],"line":99},"3":{"loc":{"start":{"line":126,"column":4},"end":{"line":129,"column":null}},"type":"if","locations":[{"start":{"line":126,"column":4},"end":{"line":129,"column":null}},{"start":{},"end":{}}],"line":126}},"s":{"0":1,"1":1,"2":1,"3":1,"4":1,"5":1,"6":0,"7":1,"8":1,"9":0,"10":0,"11":0,"12":0,"13":0,"14":0,"15":0,"16":0,"17":0,"18":0,"19":0,"20":0,"21":0,"22":0,"23":0,"24":0,"25":0,"26":0,"27":0,"28":0,"29":0,"30":0,"31":0,"32":0,"33":0,"34":0,"35":0,"36":0,"37":0,"38":0,"39":0,"40":0,"41":0},"f":{"0":1,"1":0,"2":0,"3":0},"b":{"0":[0,1],"1":[0,0],"2":[0,0],"3":[0,0]},"meta":{"lastBranch":4,"lastFunction":4,"lastStatement":42,"seen":{"f:10:22:10:Infinity":0,"s:15:2:52:Infinity":0,"s:16:19:16:Infinity":1,"s:17:36:17:Infinity":2,"s:23:10:23:Infinity":3,"s:25:23:25:Infinity":4,"b:26:4:28:Infinity:undefined:undefined:undefined:undefined":0,"s:26:4:28:Infinity":5,"s:27:6:27:Infinity":6,"s:30:31:38:Infinity":7,"s:40:4:48:Infinity":8,"s:50:4:50:Infinity":9,"s:51:4:51:Infinity":10,"f:55:22:55:Infinity":1,"s:60:2:81:Infinity":11,"s:61:19:61:Infinity":12,"b:62:4:64:Infinity:undefined:undefined:undefined:undefined":1,"s:62:4:64:Infinity":13,"s:63:6:63:Infinity":14,"s:65:31:65:Infinity":15,"s:67:21:74:Infinity":16,"s:76:4:76:Infinity":17,"s:77:4:77:Infinity":18,"s:79:4:79:Infinity":19,"s:80:4:80:Infinity":20,"f:84:22:84:Infinity":2,"s:89:2:107:Infinity":21,"s:90:19:90:Infinity":22,"s:91:19:91:Infinity":23,"s:93:21:98:Infinity":24,"b:99:4:101:Infinity:undefined:undefined:undefined:undefined":2,"s:99:4:101:Infinity":25,"s:100:6:100:Infinity":26,"s:103:4:103:Infinity":27,"s:105:4:105:Infinity":28,"s:106:4:106:Infinity":29,"f:110:22:110:Infinity":3,"s:115:2:140:Infinity":30,"s:116:19:116:Infinity":31,"s:117:19:117:Infinity":32,"s:119:21:124:Infinity":33,"b:126:4:129:Infinity:undefined:undefined:undefined:undefined":3,"s:126:4:129:Infinity":34,"s:127:6:127:Infinity":35,"s:128:6:128:Infinity":36,"s:131:4:133:Infinity":37,"s:135:4:135:Infinity":38,"s:136:4:136:Infinity":39,"s:138:4:138:Infinity":40,"s:139:4:139:Infinity":41},"fnNames":{}}}
,"/Users/user/Desktop/capstone-project-A/src/events/auth.events.ts": {"path":"/Users/user/Desktop/capstone-project-A/src/events/auth.events.ts","statementMap":{"0":{"start":{"line":5,"column":27},"end":{"line":11,"column":null}},"1":{"start":{"line":16,"column":0},"end":{"line":35,"column":null}},"2":{"start":{"line":17,"column":2},"end":{"line":34,"column":null}},"3":{"start":{"line":18,"column":4},"end":{"line":30,"column":null}},"4":{"start":{"line":33,"column":4},"end":{"line":33,"column":null}},"5":{"start":{"line":38,"column":0},"end":{"line":49,"column":null}},"6":{"start":{"line":39,"column":2},"end":{"line":48,"column":null}},"7":{"start":{"line":40,"column":4},"end":{"line":45,"column":null}},"8":{"start":{"line":47,"column":4},"end":{"line":47,"column":null}},"9":{"start":{"line":52,"column":0},"end":{"line":69,"column":null}},"10":{"start":{"line":53,"column":2},"end":{"line":68,"column":null}},"11":{"start":{"line":54,"column":4},"end":{"line":65,"column":null}},"12":{"start":{"line":67,"column":4},"end":{"line":67,"column":null}},"13":{"start":{"line":72,"column":0},"end":{"line":80,"column":null}},"14":{"start":{"line":73,"column":2},"end":{"line":79,"column":null}},"15":{"start":{"line":73,"column":8},"end":{"line":75,"column":null}},"16":{"start":{"line":78,"column":4},"end":{"line":78,"column":null}}},"fnMap":{"0":{"name":"(anonymous_0)","decl":{"start":{"line":16,"column":42},"end":{"line":16,"column":49}},"loc":{"start":{"line":16,"column":58},"end":{"line":35,"column":1}},"line":16},"1":{"name":"(anonymous_1)","decl":{"start":{"line":38,"column":42},"end":{"line":38,"column":49}},"loc":{"start":{"line":38,"column":58},"end":{"line":49,"column":1}},"line":38},"2":{"name":"(anonymous_2)","decl":{"start":{"line":52,"column":41},"end":{"line":52,"column":48}},"loc":{"start":{"line":52,"column":57},"end":{"line":69,"column":1}},"line":52},"3":{"name":"(anonymous_3)","decl":{"start":{"line":72,"column":39},"end":{"line":72,"column":46}},"loc":{"start":{"line":72,"column":55},"end":{"line":80,"column":1}},"line":72}},"branchMap":{},"s":{"0":2,"1":2,"2":0,"3":0,"4":0,"5":2,"6":0,"7":0,"8":0,"9":2,"10":0,"11":0,"12":0,"13":2,"14":0,"15":0,"16":0},"f":{"0":0,"1":0,"2":0,"3":0},"b":{},"meta":{"lastBranch":0,"lastFunction":4,"lastStatement":17,"seen":{"s:5:27:11:Infinity":0,"s:16:0:35:Infinity":1,"f:16:42:16:49":0,"s:17:2:34:Infinity":2,"s:18:4:30:Infinity":3,"s:33:4:33:Infinity":4,"s:38:0:49:Infinity":5,"f:38:42:38:49":1,"s:39:2:48:Infinity":6,"s:40:4:45:Infinity":7,"s:47:4:47:Infinity":8,"s:52:0:69:Infinity":9,"f:52:41:52:48":2,"s:53:2:68:Infinity":10,"s:54:4:65:Infinity":11,"s:67:4:67:Infinity":12,"s:72:0:80:Infinity":13,"f:72:39:72:46":3,"s:73:2:79:Infinity":14,"s:73:8:75:Infinity":15,"s:78:4:78:Infinity":16},"fnNames":{}}}
,"/Users/user/Desktop/capstone-project-A/src/lib/config.ts": {"path":"/Users/user/Desktop/capstone-project-A/src/lib/config.ts","statementMap":{"0":{"start":{"line":5,"column":0},"end":{"line":5,"column":null}},"1":{"start":{"line":8,"column":18},"end":{"line":28,"column":null}},"2":{"start":{"line":31,"column":15},"end":{"line":31,"column":null}},"3":{"start":{"line":33,"column":0},"end":{"line":37,"column":null}},"4":{"start":{"line":34,"column":2},"end":{"line":34,"column":null}},"5":{"start":{"line":35,"column":2},"end":{"line":35,"column":null}},"6":{"start":{"line":36,"column":2},"end":{"line":36,"column":null}},"7":{"start":{"line":39,"column":22},"end":{"line":39,"column":null}}},"fnMap":{},"branchMap":{"0":{"loc":{"start":{"line":33,"column":0},"end":{"line":37,"column":null}},"type":"if","locations":[{"start":{"line":33,"column":0},"end":{"line":37,"column":null}},{"start":{},"end":{}}],"line":33}},"s":{"0":1,"1":1,"2":1,"3":1,"4":0,"5":0,"6":0,"7":1},"f":{},"b":{"0":[0,1]},"meta":{"lastBranch":1,"lastFunction":0,"lastStatement":8,"seen":{"s:5:0:5:Infinity":0,"s:8:18:28:Infinity":1,"s:31:15:31:Infinity":2,"b:33:0:37:Infinity:undefined:undefined:undefined:undefined":0,"s:33:0:37:Infinity":3,"s:34:2:34:Infinity":4,"s:35:2:35:Infinity":5,"s:36:2:36:Infinity":6,"s:39:22:39:Infinity":7},"fnNames":{}}}
,"/Users/user/Desktop/capstone-project-A/src/lib/errors.ts": {"path":"/Users/user/Desktop/capstone-project-A/src/lib/errors.ts","statementMap":{"0":{"start":{"line":15,"column":4},"end":{"line":15,"column":null}},"1":{"start":{"line":16,"column":4},"end":{"line":16,"column":null}},"2":{"start":{"line":17,"column":4},"end":{"line":17,"column":null}},"3":{"start":{"line":18,"column":4},"end":{"line":18,"column":null}},"4":{"start":{"line":19,"column":4},"end":{"line":19,"column":null}},"5":{"start":{"line":20,"column":4},"end":{"line":20,"column":null}},"6":{"start":{"line":21,"column":4},"end":{"line":21,"column":null}},"7":{"start":{"line":27,"column":4},"end":{"line":27,"column":null}},"8":{"start":{"line":33,"column":4},"end":{"line":33,"column":null}},"9":{"start":{"line":39,"column":4},"end":{"line":39,"column":null}},"10":{"start":{"line":45,"column":4},"end":{"line":45,"column":null}},"11":{"start":{"line":51,"column":4},"end":{"line":51,"column":null}}},"fnMap":{"0":{"name":"constructor","decl":{"start":{"line":9,"column":2},"end":{"line":9,"column":null}},"loc":{"start":{"line":14,"column":4},"end":{"line":22,"column":null}},"line":14},"1":{"name":"constructor_2","decl":{"start":{"line":26,"column":2},"end":{"line":26,"column":14}},"loc":{"start":{"line":26,"column":46},"end":{"line":28,"column":null}},"line":26},"2":{"name":"constructor_3","decl":{"start":{"line":32,"column":2},"end":{"line":32,"column":14}},"loc":{"start":{"line":32,"column":51},"end":{"line":34,"column":null}},"line":32},"3":{"name":"constructor_4","decl":{"start":{"line":38,"column":2},"end":{"line":38,"column":14}},"loc":{"start":{"line":38,"column":41},"end":{"line":40,"column":null}},"line":38},"4":{"name":"constructor_5","decl":{"start":{"line":44,"column":2},"end":{"line":44,"column":14}},"loc":{"start":{"line":44,"column":46},"end":{"line":46,"column":null}},"line":44},"5":{"name":"constructor_6","decl":{"start":{"line":50,"column":2},"end":{"line":50,"column":14}},"loc":{"start":{"line":50,"column":31},"end":{"line":52,"column":null}},"line":50}},"branchMap":{"0":{"loc":{"start":{"line":32,"column":14},"end":{"line":32,"column":51}},"type":"default-arg","locations":[{"start":{"line":32,"column":24},"end":{"line":32,"column":51}}],"line":32},"1":{"loc":{"start":{"line":38,"column":14},"end":{"line":38,"column":41}},"type":"default-arg","locations":[{"start":{"line":38,"column":24},"end":{"line":38,"column":41}}],"line":38},"2":{"loc":{"start":{"line":44,"column":14},"end":{"line":44,"column":46}},"type":"default-arg","locations":[{"start":{"line":44,"column":24},"end":{"line":44,"column":46}}],"line":44}},"s":{"0":6,"1":6,"2":6,"3":6,"4":6,"5":6,"6":6,"7":0,"8":4,"9":0,"10":0,"11":2},"f":{"0":6,"1":0,"2":4,"3":0,"4":0,"5":2},"b":{"0":[4],"1":[0],"2":[0]},"meta":{"lastBranch":3,"lastFunction":6,"lastStatement":12,"seen":{"f:9:2:9:Infinity":0,"s:15:4:15:Infinity":0,"s:16:4:16:Infinity":1,"s:17:4:17:Infinity":2,"s:18:4:18:Infinity":3,"s:19:4:19:Infinity":4,"s:20:4:20:Infinity":5,"s:21:4:21:Infinity":6,"f:26:2:26:14":1,"s:27:4:27:Infinity":7,"f:32:2:32:14":2,"b:32:24:32:51":0,"s:33:4:33:Infinity":8,"f:38:2:38:14":3,"b:38:24:38:41":1,"s:39:4:39:Infinity":9,"f:44:2:44:14":4,"b:44:24:44:46":2,"s:45:4:45:Infinity":10,"f:50:2:50:14":5,"s:51:4:51:Infinity":11},"fnNames":{}}}
,"/Users/user/Desktop/capstone-project-A/src/lib/events.ts": {"path":"/Users/user/Desktop/capstone-project-A/src/lib/events.ts","statementMap":{"0":{"start":{"line":4,"column":25},"end":{"line":4,"column":null}},"1":{"start":{"line":8,"column":0},"end":{"line":8,"column":null}}},"fnMap":{},"branchMap":{},"s":{"0":0,"1":0},"f":{},"b":{},"meta":{"lastBranch":0,"lastFunction":0,"lastStatement":2,"seen":{"s:4:25:4:Infinity":0,"s:8:0:8:Infinity":1},"fnNames":{}}}
,"/Users/user/Desktop/capstone-project-A/src/lib/logger.ts": {"path":"/Users/user/Desktop/capstone-project-A/src/lib/logger.ts","statementMap":{"0":{"start":{"line":4,"column":22},"end":{"line":20,"column":null}}},"fnMap":{},"branchMap":{"0":{"loc":{"start":{"line":5,"column":9},"end":{"line":5,"column":null}},"type":"cond-expr","locations":[{"start":{"line":5,"column":44},"end":{"line":5,"column":53}},{"start":{"line":5,"column":53},"end":{"line":5,"column":null}}],"line":5},"1":{"loc":{"start":{"line":10,"column":4},"end":{"line":19,"column":null}},"type":"cond-expr","locations":[{"start":{"line":11,"column":8},"end":{"line":18,"column":null}},{"start":{"line":19,"column":8},"end":{"line":19,"column":null}}],"line":10}},"s":{"0":0},"f":{},"b":{"0":[0,0],"1":[0,0]},"meta":{"lastBranch":2,"lastFunction":0,"lastStatement":1,"seen":{"s:4:22:20:Infinity":0,"b:5:44:5:53:5:53:5:Infinity":0,"b:11:8:18:Infinity:19:8:19:Infinity":1},"fnNames":{}}}
,"/Users/user/Desktop/capstone-project-A/src/lib/password.ts": {"path":"/Users/user/Desktop/capstone-project-A/src/lib/password.ts","statementMap":{"0":{"start":{"line":4,"column":20},"end":{"line":4,"column":null}},"1":{"start":{"line":7,"column":2},"end":{"line":7,"column":null}},"2":{"start":{"line":14,"column":2},"end":{"line":14,"column":null}}},"fnMap":{"0":{"name":"hashPassword","decl":{"start":{"line":6,"column":22},"end":{"line":6,"column":35}},"loc":{"start":{"line":6,"column":71},"end":{"line":8,"column":null}},"line":6},"1":{"name":"verifyPassword","decl":{"start":{"line":10,"column":22},"end":{"line":10,"column":null}},"loc":{"start":{"line":13,"column":20},"end":{"line":15,"column":null}},"line":13}},"branchMap":{},"s":{"0":2,"1":2,"2":6},"f":{"0":2,"1":6},"b":{},"meta":{"lastBranch":0,"lastFunction":2,"lastStatement":3,"seen":{"s:4:20:4:Infinity":0,"f:6:22:6:35":0,"s:7:2:7:Infinity":1,"f:10:22:10:Infinity":1,"s:14:2:14:Infinity":2},"fnNames":{}}}
,"/Users/user/Desktop/capstone-project-A/src/lib/prisma.ts": {"path":"/Users/user/Desktop/capstone-project-A/src/lib/prisma.ts","statementMap":{"0":{"start":{"line":18,"column":13},"end":{"line":20,"column":null}},"1":{"start":{"line":23,"column":16},"end":{"line":23,"column":null}},"2":{"start":{"line":26,"column":22},"end":{"line":32,"column":null}}},"fnMap":{},"branchMap":{"0":{"loc":{"start":{"line":28,"column":2},"end":{"line":31,"column":null}},"type":"cond-expr","locations":[{"start":{"line":30,"column":8},"end":{"line":30,"column":null}},{"start":{"line":31,"column":8},"end":{"line":31,"column":null}}],"line":28}},"s":{"0":1,"1":1,"2":1},"f":{},"b":{"0":[0,1]},"meta":{"lastBranch":1,"lastFunction":0,"lastStatement":3,"seen":{"s:18:13:20:Infinity":0,"s:23:16:23:Infinity":1,"s:26:22:32:Infinity":2,"b:30:8:30:Infinity:31:8:31:Infinity":0},"fnNames":{}}}
,"/Users/user/Desktop/capstone-project-A/src/lib/tokens.ts": {"path":"/Users/user/Desktop/capstone-project-A/src/lib/tokens.ts","statementMap":{"0":{"start":{"line":4,"column":22},"end":{"line":4,"column":null}},"1":{"start":{"line":5,"column":23},"end":{"line":5,"column":null}},"2":{"start":{"line":16,"column":2},"end":{"line":20,"column":null}},"3":{"start":{"line":24,"column":2},"end":{"line":28,"column":null}},"4":{"start":{"line":32,"column":2},"end":{"line":32,"column":null}},"5":{"start":{"line":36,"column":2},"end":{"line":36,"column":null}}},"fnMap":{"0":{"name":"generateAccessToken","decl":{"start":{"line":15,"column":16},"end":{"line":15,"column":36}},"loc":{"start":{"line":15,"column":72},"end":{"line":21,"column":null}},"line":15},"1":{"name":"generateRefreshToken","decl":{"start":{"line":23,"column":16},"end":{"line":23,"column":37}},"loc":{"start":{"line":23,"column":73},"end":{"line":29,"column":null}},"line":23},"2":{"name":"verifyAccessToken","decl":{"start":{"line":31,"column":16},"end":{"line":31,"column":34}},"loc":{"start":{"line":31,"column":63},"end":{"line":33,"column":null}},"line":31},"3":{"name":"verifyRefreshToken","decl":{"start":{"line":35,"column":16},"end":{"line":35,"column":35}},"loc":{"start":{"line":35,"column":64},"end":{"line":37,"column":null}},"line":35}},"branchMap":{},"s":{"0":2,"1":2,"2":4,"3":4,"4":1,"5":0},"f":{"0":4,"1":4,"2":1,"3":0},"b":{},"meta":{"lastBranch":0,"lastFunction":4,"lastStatement":6,"seen":{"s:4:22:4:Infinity":0,"s:5:23:5:Infinity":1,"f:15:16:15:36":0,"s:16:2:20:Infinity":2,"f:23:16:23:37":1,"s:24:2:28:Infinity":3,"f:31:16:31:34":2,"s:32:2:32:Infinity":4,"f:35:16:35:35":3,"s:36:2:36:Infinity":5},"fnNames":{}}}
,"/Users/user/Desktop/capstone-project-A/src/middleware/auth.ts": {"path":"/Users/user/Desktop/capstone-project-A/src/middleware/auth.ts","statementMap":{"0":{"start":{"line":17,"column":17},"end":{"line":17,"column":null}},"1":{"start":{"line":19,"column":2},"end":{"line":21,"column":null}},"2":{"start":{"line":20,"column":4},"end":{"line":20,"column":null}},"3":{"start":{"line":23,"column":16},"end":{"line":23,"column":null}},"4":{"start":{"line":25,"column":2},"end":{"line":42,"column":null}},"5":{"start":{"line":26,"column":20},"end":{"line":26,"column":null}},"6":{"start":{"line":29,"column":4},"end":{"line":31,"column":null}},"7":{"start":{"line":30,"column":6},"end":{"line":30,"column":null}},"8":{"start":{"line":34,"column":4},"end":{"line":34,"column":null}},"9":{"start":{"line":35,"column":4},"end":{"line":35,"column":null}},"10":{"start":{"line":38,"column":4},"end":{"line":40,"column":null}},"11":{"start":{"line":39,"column":6},"end":{"line":39,"column":null}},"12":{"start":{"line":41,"column":4},"end":{"line":41,"column":null}}},"fnMap":{"0":{"name":"authenticate","decl":{"start":{"line":14,"column":16},"end":{"line":14,"column":null}},"loc":{"start":{"line":16,"column":2},"end":{"line":43,"column":null}},"line":16}},"branchMap":{"0":{"loc":{"start":{"line":19,"column":2},"end":{"line":21,"column":null}},"type":"if","locations":[{"start":{"line":19,"column":2},"end":{"line":21,"column":null}},{"start":{},"end":{}}],"line":19},"1":{"loc":{"start":{"line":19,"column":6},"end":{"line":19,"column":48}},"type":"binary-expr","locations":[{"start":{"line":19,"column":6},"end":{"line":19,"column":17}},{"start":{"line":19,"column":17},"end":{"line":19,"column":48}}],"line":19},"2":{"loc":{"start":{"line":29,"column":4},"end":{"line":31,"column":null}},"type":"if","locations":[{"start":{"line":29,"column":4},"end":{"line":31,"column":null}},{"start":{},"end":{}}],"line":29},"3":{"loc":{"start":{"line":38,"column":4},"end":{"line":40,"column":null}},"type":"if","locations":[{"start":{"line":38,"column":4},"end":{"line":40,"column":null}},{"start":{},"end":{}}],"line":38}},"s":{"0":2,"1":2,"2":1,"3":1,"4":1,"5":1,"6":1,"7":0,"8":1,"9":1,"10":0,"11":0,"12":0},"f":{"0":2},"b":{"0":[1,1],"1":[2,1],"2":[0,1],"3":[0,0]},"meta":{"lastBranch":4,"lastFunction":1,"lastStatement":13,"seen":{"f:14:16:14:Infinity":0,"s:17:17:17:Infinity":0,"b:19:2:21:Infinity:undefined:undefined:undefined:undefined":0,"s:19:2:21:Infinity":1,"b:19:6:19:17:19:17:19:48":1,"s:20:4:20:Infinity":2,"s:23:16:23:Infinity":3,"s:25:2:42:Infinity":4,"s:26:20:26:Infinity":5,"b:29:4:31:Infinity:undefined:undefined:undefined:undefined":2,"s:29:4:31:Infinity":6,"s:30:6:30:Infinity":7,"s:34:4:34:Infinity":8,"s:35:4:35:Infinity":9,"b:38:4:40:Infinity:undefined:undefined:undefined:undefined":3,"s:38:4:40:Infinity":10,"s:39:6:39:Infinity":11,"s:41:4:41:Infinity":12},"fnNames":{}}}
,"/Users/user/Desktop/capstone-project-A/src/middleware/authorize.ts": {"path":"/Users/user/Desktop/capstone-project-A/src/middleware/authorize.ts","statementMap":{"0":{"start":{"line":4,"column":2},"end":{"line":12,"column":null}},"1":{"start":{"line":5,"column":4},"end":{"line":7,"column":null}},"2":{"start":{"line":6,"column":6},"end":{"line":6,"column":null}},"3":{"start":{"line":8,"column":4},"end":{"line":10,"column":null}},"4":{"start":{"line":9,"column":6},"end":{"line":9,"column":null}},"5":{"start":{"line":11,"column":4},"end":{"line":11,"column":null}}},"fnMap":{"0":{"name":"authorize","decl":{"start":{"line":3,"column":16},"end":{"line":3,"column":26}},"loc":{"start":{"line":3,"column":53},"end":{"line":13,"column":null}},"line":3},"1":{"name":"(anonymous_1)","decl":{"start":{"line":4,"column":2},"end":{"line":4,"column":10}},"loc":{"start":{"line":4,"column":62},"end":{"line":12,"column":null}},"line":4}},"branchMap":{"0":{"loc":{"start":{"line":5,"column":4},"end":{"line":7,"column":null}},"type":"if","locations":[{"start":{"line":5,"column":4},"end":{"line":7,"column":null}},{"start":{},"end":{}}],"line":5},"1":{"loc":{"start":{"line":8,"column":4},"end":{"line":10,"column":null}},"type":"if","locations":[{"start":{"line":8,"column":4},"end":{"line":10,"column":null}},{"start":{},"end":{}}],"line":8}},"s":{"0":0,"1":0,"2":0,"3":0,"4":0,"5":0},"f":{"0":0,"1":0},"b":{"0":[0,0],"1":[0,0]},"meta":{"lastBranch":2,"lastFunction":2,"lastStatement":6,"seen":{"f:3:16:3:26":0,"s:4:2:12:Infinity":0,"f:4:2:4:10":1,"b:5:4:7:Infinity:undefined:undefined:undefined:undefined":0,"s:5:4:7:Infinity":1,"s:6:6:6:Infinity":2,"b:8:4:10:Infinity:undefined:undefined:undefined:undefined":1,"s:8:4:10:Infinity":3,"s:9:6:9:Infinity":4,"s:11:4:11:Infinity":5},"fnNames":{}}}
,"/Users/user/Desktop/capstone-project-A/src/middleware/errorHandler.ts": {"path":"/Users/user/Desktop/capstone-project-A/src/middleware/errorHandler.ts","statementMap":{"0":{"start":{"line":28,"column":2},"end":{"line":39,"column":null}},"1":{"start":{"line":29,"column":2},"end":{"line":29,"column":null}},"2":{"start":{"line":31,"column":2},"end":{"line":38,"column":null}},"3":{"start":{"line":42,"column":2},"end":{"line":42,"column":null}},"4":{"start":{"line":44,"column":2},"end":{"line":50,"column":null}}},"fnMap":{"0":{"name":"errorHandler","decl":{"start":{"line":5,"column":16},"end":{"line":5,"column":null}},"loc":{"start":{"line":10,"column":2},"end":{"line":51,"column":null}},"line":10}},"branchMap":{"0":{"loc":{"start":{"line":28,"column":2},"end":{"line":39,"column":null}},"type":"if","locations":[{"start":{"line":28,"column":2},"end":{"line":39,"column":null}},{"start":{},"end":{}}],"line":28},"1":{"loc":{"start":{"line":29,"column":47},"end":{"line":29,"column":90}},"type":"cond-expr","locations":[{"start":{"line":29,"column":61},"end":{"line":29,"column":88}},{"start":{"line":29,"column":88},"end":{"line":29,"column":90}}],"line":29},"2":{"loc":{"start":{"line":36,"column":10},"end":{"line":36,"column":null}},"type":"binary-expr","locations":[{"start":{"line":36,"column":10},"end":{"line":36,"column":25}},{"start":{"line":36,"column":25},"end":{"line":36,"column":null}}],"line":36}},"s":{"0":3,"1":3,"2":3,"3":0,"4":0},"f":{"0":3},"b":{"0":[3,0],"1":[0,3],"2":[3,0]},"meta":{"lastBranch":3,"lastFunction":1,"lastStatement":5,"seen":{"f:5:16:5:Infinity":0,"b:28:2:39:Infinity:undefined:undefined:undefined:undefined":0,"s:28:2:39:Infinity":0,"s:29:2:29:Infinity":1,"b:29:61:29:88:29:88:29:90":1,"s:31:2:38:Infinity":2,"b:36:10:36:25:36:25:36:Infinity":2,"s:42:2:42:Infinity":3,"s:44:2:50:Infinity":4},"fnNames":{}}}
,"/Users/user/Desktop/capstone-project-A/src/middleware/validate.ts": {"path":"/Users/user/Desktop/capstone-project-A/src/middleware/validate.ts","statementMap":{"0":{"start":{"line":6,"column":2},"end":{"line":35,"column":null}},"1":{"start":{"line":7,"column":19},"end":{"line":11,"column":null}},"2":{"start":{"line":13,"column":4},"end":{"line":27,"column":null}},"3":{"start":{"line":14,"column":21},"end":{"line":17,"column":null}},"4":{"start":{"line":14,"column":53},"end":{"line":17,"column":8}},"5":{"start":{"line":19,"column":6},"end":{"line":26,"column":null}},"6":{"start":{"line":30,"column":4},"end":{"line":30,"column":null}},"7":{"start":{"line":31,"column":4},"end":{"line":31,"column":null}},"8":{"start":{"line":32,"column":4},"end":{"line":32,"column":null}},"9":{"start":{"line":34,"column":4},"end":{"line":34,"column":null}}},"fnMap":{"0":{"name":"validate","decl":{"start":{"line":5,"column":16},"end":{"line":5,"column":25}},"loc":{"start":{"line":5,"column":46},"end":{"line":36,"column":null}},"line":5},"1":{"name":"(anonymous_1)","decl":{"start":{"line":6,"column":2},"end":{"line":6,"column":10}},"loc":{"start":{"line":6,"column":62},"end":{"line":35,"column":null}},"line":6},"2":{"name":"(anonymous_2)","decl":{"start":{"line":14,"column":41},"end":{"line":14,"column":45}},"loc":{"start":{"line":14,"column":53},"end":{"line":17,"column":8}},"line":14}},"branchMap":{"0":{"loc":{"start":{"line":13,"column":4},"end":{"line":27,"column":null}},"type":"if","locations":[{"start":{"line":13,"column":4},"end":{"line":27,"column":null}},{"start":{},"end":{}}],"line":13},"1":{"loc":{"start":{"line":30,"column":15},"end":{"line":30,"column":null}},"type":"binary-expr","locations":[{"start":{"line":30,"column":15},"end":{"line":30,"column":35}},{"start":{"line":30,"column":35},"end":{"line":30,"column":null}}],"line":30},"2":{"loc":{"start":{"line":31,"column":16},"end":{"line":31,"column":null}},"type":"binary-expr","locations":[{"start":{"line":31,"column":16},"end":{"line":31,"column":37}},{"start":{"line":31,"column":37},"end":{"line":31,"column":null}}],"line":31},"3":{"loc":{"start":{"line":32,"column":17},"end":{"line":32,"column":null}},"type":"binary-expr","locations":[{"start":{"line":32,"column":17},"end":{"line":32,"column":39}},{"start":{"line":32,"column":39},"end":{"line":32,"column":null}}],"line":32}},"s":{"0":7,"1":9,"2":9,"3":1,"4":1,"5":1,"6":8,"7":9,"8":9,"9":9},"f":{"0":7,"1":9,"2":1},"b":{"0":[1,8],"1":[8,1],"2":[9,7],"3":[9,8]},"meta":{"lastBranch":4,"lastFunction":3,"lastStatement":10,"seen":{"f:5:16:5:25":0,"s:6:2:35:Infinity":0,"f:6:2:6:10":1,"s:7:19:11:Infinity":1,"b:13:4:27:Infinity:undefined:undefined:undefined:undefined":0,"s:13:4:27:Infinity":2,"s:14:21:17:Infinity":3,"f:14:41:14:45":2,"s:14:53:17:8":4,"s:19:6:26:Infinity":5,"s:30:4:30:Infinity":6,"b:30:15:30:35:30:35:30:Infinity":1,"s:31:4:31:Infinity":7,"b:31:16:31:37:31:37:31:Infinity":2,"s:32:4:32:Infinity":8,"b:32:17:32:39:32:39:32:Infinity":3,"s:34:4:34:Infinity":9},"fnNames":{}}}
,"/Users/user/Desktop/capstone-project-A/src/repositories/user.repository.ts": {"path":"/Users/user/Desktop/capstone-project-A/src/repositories/user.repository.ts","statementMap":{"0":{"start":{"line":3,"column":30},"end":{"line":41,"column":null}},"1":{"start":{"line":5,"column":4},"end":{"line":7,"column":null}},"2":{"start":{"line":11,"column":4},"end":{"line":13,"column":null}},"3":{"start":{"line":21,"column":4},"end":{"line":21,"column":null}},"4":{"start":{"line":29,"column":4},"end":{"line":32,"column":null}},"5":{"start":{"line":36,"column":4},"end":{"line":39,"column":null}}},"fnMap":{"0":{"name":"findById","decl":{"start":{"line":4,"column":8},"end":{"line":4,"column":17}},"loc":{"start":{"line":4,"column":29},"end":{"line":8,"column":null}},"line":4},"1":{"name":"findByEmail","decl":{"start":{"line":10,"column":8},"end":{"line":10,"column":20}},"loc":{"start":{"line":10,"column":35},"end":{"line":14,"column":null}},"line":10},"2":{"name":"create","decl":{"start":{"line":16,"column":8},"end":{"line":16,"column":15}},"loc":{"start":{"line":20,"column":5},"end":{"line":22,"column":null}},"line":20},"3":{"name":"updateById","decl":{"start":{"line":24,"column":8},"end":{"line":24,"column":19}},"loc":{"start":{"line":28,"column":6},"end":{"line":33,"column":null}},"line":28},"4":{"name":"softDelete","decl":{"start":{"line":35,"column":8},"end":{"line":35,"column":19}},"loc":{"start":{"line":35,"column":31},"end":{"line":40,"column":null}},"line":35}},"branchMap":{},"s":{"0":0,"1":0,"2":0,"3":0,"4":0,"5":0},"f":{"0":0,"1":0,"2":0,"3":0,"4":0},"b":{},"meta":{"lastBranch":0,"lastFunction":5,"lastStatement":6,"seen":{"s:3:30:41:Infinity":0,"f:4:8:4:17":0,"s:5:4:7:Infinity":1,"f:10:8:10:20":1,"s:11:4:13:Infinity":2,"f:16:8:16:15":2,"s:21:4:21:Infinity":3,"f:24:8:24:19":3,"s:29:4:32:Infinity":4,"f:35:8:35:19":4,"s:36:4:39:Infinity":5},"fnNames":{}}}
,"/Users/user/Desktop/capstone-project-A/src/routes/auth.ts": {"path":"/Users/user/Desktop/capstone-project-A/src/routes/auth.ts","statementMap":{"0":{"start":{"line":8,"column":15},"end":{"line":8,"column":22}},"1":{"start":{"line":18,"column":0},"end":{"line":25,"column":null}},"2":{"start":{"line":19,"column":2},"end":{"line":24,"column":null}},"3":{"start":{"line":20,"column":17},"end":{"line":20,"column":null}},"4":{"start":{"line":21,"column":4},"end":{"line":21,"column":null}},"5":{"start":{"line":23,"column":4},"end":{"line":23,"column":null}},"6":{"start":{"line":27,"column":0},"end":{"line":37,"column":null}},"7":{"start":{"line":28,"column":2},"end":{"line":36,"column":null}},"8":{"start":{"line":29,"column":19},"end":{"line":32,"column":null}},"9":{"start":{"line":33,"column":4},"end":{"line":33,"column":null}},"10":{"start":{"line":35,"column":4},"end":{"line":35,"column":null}},"11":{"start":{"line":39,"column":0},"end":{"line":46,"column":null}},"12":{"start":{"line":40,"column":2},"end":{"line":45,"column":null}},"13":{"start":{"line":41,"column":19},"end":{"line":41,"column":null}},"14":{"start":{"line":42,"column":4},"end":{"line":42,"column":null}},"15":{"start":{"line":44,"column":4},"end":{"line":44,"column":null}},"16":{"start":{"line":48,"column":0},"end":{"line":55,"column":null}},"17":{"start":{"line":49,"column":2},"end":{"line":54,"column":null}},"18":{"start":{"line":50,"column":4},"end":{"line":50,"column":null}},"19":{"start":{"line":51,"column":4},"end":{"line":51,"column":null}},"20":{"start":{"line":53,"column":4},"end":{"line":53,"column":null}}},"fnMap":{"0":{"name":"(anonymous_0)","decl":{"start":{"line":18,"column":51},"end":{"line":18,"column":58}},"loc":{"start":{"line":18,"column":77},"end":{"line":25,"column":1}},"line":18},"1":{"name":"(anonymous_1)","decl":{"start":{"line":27,"column":45},"end":{"line":27,"column":52}},"loc":{"start":{"line":27,"column":71},"end":{"line":37,"column":1}},"line":27},"2":{"name":"(anonymous_2)","decl":{"start":{"line":39,"column":48},"end":{"line":39,"column":55}},"loc":{"start":{"line":39,"column":74},"end":{"line":46,"column":1}},"line":39},"3":{"name":"(anonymous_3)","decl":{"start":{"line":48,"column":23},"end":{"line":48,"column":30}},"loc":{"start":{"line":48,"column":49},"end":{"line":55,"column":1}},"line":48}},"branchMap":{},"s":{"0":1,"1":1,"2":2,"3":2,"4":1,"5":1,"6":1,"7":5,"8":5,"9":3,"10":2,"11":1,"12":0,"13":0,"14":0,"15":0,"16":1,"17":0,"18":0,"19":0,"20":0},"f":{"0":2,"1":5,"2":0,"3":0},"b":{},"meta":{"lastBranch":0,"lastFunction":4,"lastStatement":21,"seen":{"s:8:15:8:22":0,"s:18:0:25:Infinity":1,"f:18:51:18:58":0,"s:19:2:24:Infinity":2,"s:20:17:20:Infinity":3,"s:21:4:21:Infinity":4,"s:23:4:23:Infinity":5,"s:27:0:37:Infinity":6,"f:27:45:27:52":1,"s:28:2:36:Infinity":7,"s:29:19:32:Infinity":8,"s:33:4:33:Infinity":9,"s:35:4:35:Infinity":10,"s:39:0:46:Infinity":11,"f:39:48:39:55":2,"s:40:2:45:Infinity":12,"s:41:19:41:Infinity":13,"s:42:4:42:Infinity":14,"s:44:4:44:Infinity":15,"s:48:0:55:Infinity":16,"f:48:23:48:30":3,"s:49:2:54:Infinity":17,"s:50:4:50:Infinity":18,"s:51:4:51:Infinity":19,"s:53:4:53:Infinity":20},"fnNames":{}}}
,"/Users/user/Desktop/capstone-project-A/src/routes/docs.ts": {"path":"/Users/user/Desktop/capstone-project-A/src/routes/docs.ts","statementMap":{},"fnMap":{},"branchMap":{},"s":{},"f":{},"b":{},"meta":{"lastBranch":0,"lastFunction":0,"lastStatement":0,"seen":{},"fnNames":{}}}
,"/Users/user/Desktop/capstone-project-A/src/routes/documents.ts": {"path":"/Users/user/Desktop/capstone-project-A/src/routes/documents.ts","statementMap":{"0":{"start":{"line":12,"column":15},"end":{"line":12,"column":22}},"1":{"start":{"line":13,"column":0},"end":{"line":13,"column":null}},"2":{"start":{"line":15,"column":0},"end":{"line":18,"column":null}},"3":{"start":{"line":20,"column":0},"end":{"line":23,"column":null}},"4":{"start":{"line":25,"column":0},"end":{"line":28,"column":null}},"5":{"start":{"line":30,"column":0},"end":{"line":33,"column":null}}},"fnMap":{},"branchMap":{},"s":{"0":1,"1":1,"2":1,"3":1,"4":1,"5":1},"f":{},"b":{},"meta":{"lastBranch":0,"lastFunction":0,"lastStatement":6,"seen":{"s:12:15:12:22":0,"s:13:0:13:Infinity":1,"s:15:0:18:Infinity":2,"s:20:0:23:Infinity":3,"s:25:0:28:Infinity":4,"s:30:0:33:Infinity":5},"fnNames":{}}}
,"/Users/user/Desktop/capstone-project-A/src/services/auth.service.ts": {"path":"/Users/user/Desktop/capstone-project-A/src/services/auth.service.ts","statementMap":{"0":{"start":{"line":105,"column":19},"end":{"line":107,"column":null}},"1":{"start":{"line":108,"column":2},"end":{"line":110,"column":null}},"2":{"start":{"line":109,"column":4},"end":{"line":109,"column":null}},"3":{"start":{"line":112,"column":23},"end":{"line":112,"column":null}},"4":{"start":{"line":115,"column":15},"end":{"line":115,"column":null}},"5":{"start":{"line":117,"column":15},"end":{"line":123,"column":null}},"6":{"start":{"line":126,"column":2},"end":{"line":130,"column":null}},"7":{"start":{"line":133,"column":2},"end":{"line":133,"column":null}},"8":{"start":{"line":143,"column":15},"end":{"line":145,"column":null}},"9":{"start":{"line":149,"column":2},"end":{"line":156,"column":null}},"10":{"start":{"line":150,"column":4},"end":{"line":154,"column":null}},"11":{"start":{"line":155,"column":4},"end":{"line":155,"column":null}},"12":{"start":{"line":158,"column":16},"end":{"line":158,"column":null}},"13":{"start":{"line":159,"column":2},"end":{"line":166,"column":null}},"14":{"start":{"line":160,"column":4},"end":{"line":164,"column":null}},"15":{"start":{"line":165,"column":4},"end":{"line":165,"column":null}},"16":{"start":{"line":169,"column":22},"end":{"line":169,"column":null}},"17":{"start":{"line":170,"column":23},"end":{"line":170,"column":null}},"18":{"start":{"line":173,"column":20},"end":{"line":176,"column":null}},"19":{"start":{"line":180,"column":2},"end":{"line":186,"column":null}},"20":{"start":{"line":189,"column":2},"end":{"line":192,"column":null}},"21":{"start":{"line":194,"column":2},"end":{"line":198,"column":null}},"22":{"start":{"line":207,"column":2},"end":{"line":211,"column":null}},"23":{"start":{"line":208,"column":4},"end":{"line":208,"column":null}},"24":{"start":{"line":210,"column":4},"end":{"line":210,"column":null}},"25":{"start":{"line":213,"column":2},"end":{"line":215,"column":null}},"26":{"start":{"line":214,"column":4},"end":{"line":214,"column":null}},"27":{"start":{"line":218,"column":20},"end":{"line":221,"column":null}},"28":{"start":{"line":223,"column":17},"end":{"line":225,"column":null}},"29":{"start":{"line":227,"column":2},"end":{"line":229,"column":null}},"30":{"start":{"line":228,"column":4},"end":{"line":228,"column":null}},"31":{"start":{"line":232,"column":15},"end":{"line":234,"column":null}},"32":{"start":{"line":235,"column":2},"end":{"line":237,"column":null}},"33":{"start":{"line":236,"column":4},"end":{"line":236,"column":null}},"34":{"start":{"line":240,"column":2},"end":{"line":240,"column":null}},"35":{"start":{"line":242,"column":25},"end":{"line":242,"column":null}},"36":{"start":{"line":243,"column":26},"end":{"line":243,"column":null}},"37":{"start":{"line":244,"column":18},"end":{"line":247,"column":null}},"38":{"start":{"line":249,"column":2},"end":{"line":255,"column":null}},"39":{"start":{"line":257,"column":2},"end":{"line":257,"column":null}},"40":{"start":{"line":263,"column":20},"end":{"line":266,"column":null}},"41":{"start":{"line":269,"column":2},"end":{"line":271,"column":null}}},"fnMap":{"0":{"name":"register","decl":{"start":{"line":99,"column":22},"end":{"line":99,"column":31}},"loc":{"start":{"line":103,"column":3},"end":{"line":134,"column":null}},"line":103},"1":{"name":"login","decl":{"start":{"line":138,"column":22},"end":{"line":138,"column":28}},"loc":{"start":{"line":142,"column":3},"end":{"line":199,"column":null}},"line":142},"2":{"name":"refresh","decl":{"start":{"line":204,"column":22},"end":{"line":204,"column":30}},"loc":{"start":{"line":204,"column":55},"end":{"line":258,"column":null}},"line":204},"3":{"name":"logout","decl":{"start":{"line":262,"column":22},"end":{"line":262,"column":29}},"loc":{"start":{"line":262,"column":54},"end":{"line":272,"column":null}},"line":262}},"branchMap":{"0":{"loc":{"start":{"line":108,"column":2},"end":{"line":110,"column":null}},"type":"if","locations":[{"start":{"line":108,"column":2},"end":{"line":110,"column":null}},{"start":{},"end":{}}],"line":108},"1":{"loc":{"start":{"line":115,"column":15},"end":{"line":115,"column":null}},"type":"binary-expr","locations":[{"start":{"line":115,"column":15},"end":{"line":115,"column":36}},{"start":{"line":115,"column":36},"end":{"line":115,"column":null}}],"line":115},"2":{"loc":{"start":{"line":149,"column":2},"end":{"line":156,"column":null}},"type":"if","locations":[{"start":{"line":149,"column":2},"end":{"line":156,"column":null}},{"start":{},"end":{}}],"line":149},"3":{"loc":{"start":{"line":149,"column":6},"end":{"line":149,"column":31}},"type":"binary-expr","locations":[{"start":{"line":149,"column":6},"end":{"line":149,"column":15}},{"start":{"line":149,"column":15},"end":{"line":149,"column":31}}],"line":149},"4":{"loc":{"start":{"line":159,"column":2},"end":{"line":166,"column":null}},"type":"if","locations":[{"start":{"line":159,"column":2},"end":{"line":166,"column":null}},{"start":{},"end":{}}],"line":159},"5":{"loc":{"start":{"line":213,"column":2},"end":{"line":215,"column":null}},"type":"if","locations":[{"start":{"line":213,"column":2},"end":{"line":215,"column":null}},{"start":{},"end":{}}],"line":213},"6":{"loc":{"start":{"line":227,"column":2},"end":{"line":229,"column":null}},"type":"if","locations":[{"start":{"line":227,"column":2},"end":{"line":229,"column":null}},{"start":{},"end":{}}],"line":227},"7":{"loc":{"start":{"line":227,"column":6},"end":{"line":227,"column":48}},"type":"binary-expr","locations":[{"start":{"line":227,"column":6},"end":{"line":227,"column":17}},{"start":{"line":227,"column":17},"end":{"line":227,"column":48}}],"line":227},"8":{"loc":{"start":{"line":235,"column":2},"end":{"line":237,"column":null}},"type":"if","locations":[{"start":{"line":235,"column":2},"end":{"line":237,"column":null}},{"start":{},"end":{}}],"line":235},"9":{"loc":{"start":{"line":235,"column":6},"end":{"line":235,"column":31}},"type":"binary-expr","locations":[{"start":{"line":235,"column":6},"end":{"line":235,"column":15}},{"start":{"line":235,"column":15},"end":{"line":235,"column":31}}],"line":235}},"s":{"0":4,"1":4,"2":2,"3":2,"4":2,"5":4,"6":2,"7":2,"8":8,"9":8,"10":2,"11":2,"12":6,"13":6,"14":2,"15":2,"16":4,"17":4,"18":4,"19":4,"20":4,"21":4,"22":0,"23":0,"24":0,"25":0,"26":0,"27":0,"28":0,"29":0,"30":0,"31":0,"32":0,"33":0,"34":0,"35":0,"36":0,"37":0,"38":0,"39":0,"40":0,"41":0},"f":{"0":4,"1":8,"2":0,"3":0},"b":{"0":[2,2],"1":[2,2],"2":[2,6],"3":[8,6],"4":[2,4],"5":[0,0],"6":[0,0],"7":[0,0],"8":[0,0],"9":[0,0]},"meta":{"lastBranch":10,"lastFunction":4,"lastStatement":42,"seen":{"f:99:22:99:31":0,"s:105:19:107:Infinity":0,"b:108:2:110:Infinity:undefined:undefined:undefined:undefined":0,"s:108:2:110:Infinity":1,"s:109:4:109:Infinity":2,"s:112:23:112:Infinity":3,"s:115:15:115:Infinity":4,"b:115:15:115:36:115:36:115:Infinity":1,"s:117:15:123:Infinity":5,"s:126:2:130:Infinity":6,"s:133:2:133:Infinity":7,"f:138:22:138:28":1,"s:143:15:145:Infinity":8,"b:149:2:156:Infinity:undefined:undefined:undefined:undefined":2,"s:149:2:156:Infinity":9,"b:149:6:149:15:149:15:149:31":3,"s:150:4:154:Infinity":10,"s:155:4:155:Infinity":11,"s:158:16:158:Infinity":12,"b:159:2:166:Infinity:undefined:undefined:undefined:undefined":4,"s:159:2:166:Infinity":13,"s:160:4:164:Infinity":14,"s:165:4:165:Infinity":15,"s:169:22:169:Infinity":16,"s:170:23:170:Infinity":17,"s:173:20:176:Infinity":18,"s:180:2:186:Infinity":19,"s:189:2:192:Infinity":20,"s:194:2:198:Infinity":21,"f:204:22:204:30":2,"s:207:2:211:Infinity":22,"s:208:4:208:Infinity":23,"s:210:4:210:Infinity":24,"b:213:2:215:Infinity:undefined:undefined:undefined:undefined":5,"s:213:2:215:Infinity":25,"s:214:4:214:Infinity":26,"s:218:20:221:Infinity":27,"s:223:17:225:Infinity":28,"b:227:2:229:Infinity:undefined:undefined:undefined:undefined":6,"s:227:2:229:Infinity":29,"b:227:6:227:17:227:17:227:48":7,"s:228:4:228:Infinity":30,"s:232:15:234:Infinity":31,"b:235:2:237:Infinity:undefined:undefined:undefined:undefined":8,"s:235:2:237:Infinity":32,"b:235:6:235:15:235:15:235:31":9,"s:236:4:236:Infinity":33,"s:240:2:240:Infinity":34,"s:242:25:242:Infinity":35,"s:243:26:243:Infinity":36,"s:244:18:247:Infinity":37,"s:249:2:255:Infinity":38,"s:257:2:257:Infinity":39,"f:262:22:262:29":3,"s:263:20:266:Infinity":40,"s:269:2:271:Infinity":41},"fnNames":{}}}
,"/Users/user/Desktop/capstone-project-A/src/validators/auth.validator.ts": {"path":"/Users/user/Desktop/capstone-project-A/src/validators/auth.validator.ts","statementMap":{"0":{"start":{"line":4,"column":30},"end":{"line":15,"column":null}},"1":{"start":{"line":8,"column":22},"end":{"line":8,"column":44}},"2":{"start":{"line":17,"column":27},"end":{"line":22,"column":null}},"3":{"start":{"line":24,"column":29},"end":{"line":28,"column":null}}},"fnMap":{"0":{"name":"(anonymous_0)","decl":{"start":{"line":8,"column":7},"end":{"line":8,"column":17}},"loc":{"start":{"line":8,"column":22},"end":{"line":8,"column":44}},"line":8}},"branchMap":{},"s":{"0":1,"1":2,"2":1,"3":1},"f":{"0":2},"b":{},"meta":{"lastBranch":0,"lastFunction":1,"lastStatement":4,"seen":{"s:4:30:15:Infinity":0,"f:8:7:8:17":0,"s:8:22:8:44":1,"s:17:27:22:Infinity":2,"s:24:29:28:Infinity":3},"fnNames":{}}}
,"/Users/user/Desktop/capstone-project-A/src/validators/conversation.validator.ts": {"path":"/Users/user/Desktop/capstone-project-A/src/validators/conversation.validator.ts","statementMap":{"0":{"start":{"line":4,"column":40},"end":{"line":9,"column":null}},"1":{"start":{"line":11,"column":33},"end":{"line":21,"column":null}}},"fnMap":{},"branchMap":{},"s":{"0":0,"1":0},"f":{},"b":{},"meta":{"lastBranch":0,"lastFunction":0,"lastStatement":2,"seen":{"s:4:40:9:Infinity":0,"s:11:33:21:Infinity":1},"fnNames":{}}}
,"/Users/user/Desktop/capstone-project-A/src/validators/document.validator.ts": {"path":"/Users/user/Desktop/capstone-project-A/src/validators/document.validator.ts","statementMap":{"0":{"start":{"line":4,"column":36},"end":{"line":9,"column":null}},"1":{"start":{"line":11,"column":35},"end":{"line":17,"column":null}},"2":{"start":{"line":19,"column":36},"end":{"line":23,"column":null}}},"fnMap":{},"branchMap":{},"s":{"0":1,"1":1,"2":1},"f":{},"b":{},"meta":{"lastBranch":0,"lastFunction":0,"lastStatement":3,"seen":{"s:4:36:9:Infinity":0,"s:11:35:17:Infinity":1,"s:19:36:23:Infinity":2},"fnNames":{}}}
}
